Using pre-set license
Built from '2020.3/staging' branch; Version is '2020.3.14f1 (d0d1bb862f9d) revision 13685179'; Using compiler version '192528614'; Build Type 'Release'
OS: 'Windows 10 Pro; OS build 19043.1202; Version 2009; 64bit' Language: 'es' Physical Memory: 8135 MB
BatchMode: 1, IsHumanControllingUs: 0, StartBugReporterOnCrash: 0, Is64bit: 1, IsPro: 0

 COMMAND LINE ARGUMENTS:
C:\Program Files\Unity\Hub\Editor\2020.3.14f1\Editor\Unity.exe
-adb2
-batchMode
-noUpm
-name
AssetImportWorker0
-projectPath
C:/Users/Alumne/Documents/GitHub/Examen
-logFile
Logs/AssetImportWorker0.log
-srvPort
64827
Successfully changed project path to: C:/Users/Alumne/Documents/GitHub/Examen
C:/Users/Alumne/Documents/GitHub/Examen
Using Asset Import Pipeline V2.
Refreshing native plugins compatible for Editor in 36.22 ms, found 2 plugins.
Preloading 0 native plugins for Editor in 0.00 ms.
Initialize engine version: 2020.3.14f1 (d0d1bb862f9d)
[Subsystems] Discovering subsystems at path C:/Program Files/Unity/Hub/Editor/2020.3.14f1/Editor/Data/Resources/UnitySubsystems
[Subsystems] Discovering subsystems at path C:/Users/Alumne/Documents/GitHub/Examen/Assets
GfxDevice: creating device client; threaded=0
Direct3D:
    Version:  Direct3D 11.0 [level 11.1]
    Renderer: NVIDIA GeForce GTX 1050 Ti (ID=0x1c82)
    Vendor:   
    VRAM:     4018 MB
    Driver:   30.0.14.7141
Initialize mono
Mono path[0] = 'C:/Program Files/Unity/Hub/Editor/2020.3.14f1/Editor/Data/Managed'
Mono path[1] = 'C:/Program Files/Unity/Hub/Editor/2020.3.14f1/Editor/Data/MonoBleedingEdge/lib/mono/unityjit'
Mono config path = 'C:/Program Files/Unity/Hub/Editor/2020.3.14f1/Editor/Data/MonoBleedingEdge/etc'
Using monoOptions --debugger-agent=transport=dt_socket,embedding=1,server=y,suspend=n,address=127.0.0.1:56176
Begin MonoManager ReloadAssembly
Registering precompiled unity dll's ...
Register platform support module: C:/Program Files/Unity/Hub/Editor/2020.3.14f1/Editor/Data/PlaybackEngines/WindowsStandaloneSupport/UnityEditor.WindowsStandalone.Extensions.dll
Registered in 0.002629 seconds.
Native extension for WindowsStandalone target not found
Refreshing native plugins compatible for Editor in 36.53 ms, found 2 plugins.
Preloading 0 native plugins for Editor in 0.00 ms.
Mono: successfully reloaded assembly
- Completed reload, in  1.750 seconds
Domain Reload Profiling:
	ReloadAssembly (1750ms)
		BeginReloadAssembly (69ms)
			ExecutionOrderSort (0ms)
			DisableScriptedObjects (0ms)
			BackupInstance (0ms)
			ReleaseScriptingObjects (0ms)
			CreateAndSetChildDomain (1ms)
		EndReloadAssembly (896ms)
			LoadAssemblies (66ms)
			RebuildTransferFunctionScriptingTraits (0ms)
			SetupTypeCache (572ms)
			ReleaseScriptCaches (0ms)
			RebuildScriptCaches (43ms)
			SetupLoadedEditorAssemblies (201ms)
				LogAssemblyErrors (0ms)
				InitializePlatformSupportModulesInManaged (4ms)
				SetLoadedEditorAssemblies (0ms)
				RefreshPlugins (37ms)
				BeforeProcessingInitializeOnLoad (8ms)
				ProcessInitializeOnLoadAttributes (102ms)
				ProcessInitializeOnLoadMethodAttributes (49ms)
				AfterProcessingInitializeOnLoad (0ms)
				EditorAssembliesLoaded (0ms)
			ExecutionOrderSort2 (0ms)
			AwakeInstancesAfterBackupRestoration (0ms)
Platform modules already initialized, skipping
Registering precompiled user dll's ...
Registered in 0.004546 seconds.
Begin MonoManager ReloadAssembly
Native extension for WindowsStandalone target not found
Refreshing native plugins compatible for Editor in 0.31 ms, found 2 plugins.
Preloading 0 native plugins for Editor in 0.00 ms.
Mono: successfully reloaded assembly
- Completed reload, in  1.290 seconds
Domain Reload Profiling:
	ReloadAssembly (1291ms)
		BeginReloadAssembly (191ms)
			ExecutionOrderSort (0ms)
			DisableScriptedObjects (5ms)
			BackupInstance (0ms)
			ReleaseScriptingObjects (0ms)
			CreateAndSetChildDomain (23ms)
		EndReloadAssembly (1026ms)
			LoadAssemblies (118ms)
			RebuildTransferFunctionScriptingTraits (0ms)
			SetupTypeCache (355ms)
			ReleaseScriptCaches (0ms)
			RebuildScriptCaches (65ms)
			SetupLoadedEditorAssemblies (380ms)
				LogAssemblyErrors (0ms)
				InitializePlatformSupportModulesInManaged (5ms)
				SetLoadedEditorAssemblies (0ms)
				RefreshPlugins (0ms)
				BeforeProcessingInitializeOnLoad (67ms)
				ProcessInitializeOnLoadAttributes (294ms)
				ProcessInitializeOnLoadMethodAttributes (6ms)
				AfterProcessingInitializeOnLoad (6ms)
				EditorAssembliesLoaded (1ms)
			ExecutionOrderSort2 (0ms)
			AwakeInstancesAfterBackupRestoration (8ms)
Platform modules already initialized, skipping
========================================================================
Worker process is ready to serve import requests
Launched and connected shader compiler UnityShaderCompiler.exe after 0.06 seconds
Refreshing native plugins compatible for Editor in 0.33 ms, found 2 plugins.
Preloading 0 native plugins for Editor in 0.00 ms.
Unloading 1542 Unused Serialized files (Serialized files now loaded: 0)
System memory in use before: 70.7 MB.
System memory in use after: 70.8 MB.

Unloading 19 unused Assets to reduce memory usage. Loaded Objects now: 1976.
Total: 6.943700 ms (FindLiveObjects: 0.191700 ms CreateObjectMapping: 0.062100 ms MarkObjects: 6.526800 ms  DeleteObjects: 0.160700 ms)

AssetImportParameters requested are different than current active one (requested -> active):
  custom:framework-win-MediaFoundation: 216162199b28c13a410421893ffa2e32 -> 
  custom:video-decoder-ogg-theora: a1e56fd34408186e4bbccfd4996cb3dc -> 
  custom:container-muxer-webm: aa71ff27fc2769a1b78a27578f13a17b -> 
  custom:container-demuxer-webm: 4f35f7cbe854078d1ac9338744f61a02 -> 
  custom:container-demuxer-ogg: 62fdf1f143b41e24485cea50d1cbac27 -> 
  custom:video-encoder-webm-vp8: eb34c28f22e8b96e1ab97ce403110664 -> 
  custom:video-decoder-webm-vp8: 9c59270c3fd7afecdb556c50c9e8de78 -> 
  custom:audio-decoder-ogg-vorbis: bf7c407c2cedff20999df2af8eb42d56 -> 
  custom:audio-encoder-webm-vorbis: bf7c407c2cedff20999df2af8eb42d56 -> 
========================================================================
Received Import Request.
  path: Assets/Tree.prefab
  artifactKey: Guid(f070e8fa7163029438992aa2336fd530) Importer(815301076,1909f56bfc062723c751e8b465ee728b)
Start importing Assets/Tree.prefab using Guid(f070e8fa7163029438992aa2336fd530) Importer(815301076,1909f56bfc062723c751e8b465ee728b)  -> (artifact id: '3d554d6cbe6b97bac23f2a37f7bb75af') in 1.058964 seconds 
  Import took 1.061956 seconds .

========================================================================
Received Import Request.
  Time since last request: 15.968465 seconds.
  path: Assets/Scenes
  artifactKey: Guid(1013816695ff48a4eaa994e56e49b5bc) Importer(815301076,1909f56bfc062723c751e8b465ee728b)
Start importing Assets/Scenes using Guid(1013816695ff48a4eaa994e56e49b5bc) Importer(815301076,1909f56bfc062723c751e8b465ee728b)  -> (artifact id: '5f6f9aafbe7962e75807e62a20b82efb') in 0.007220 seconds 
  Import took 0.010206 seconds .

========================================================================
Received Import Request.
  Time since last request: 0.019080 seconds.
  path: Assets/Scenes
  artifactKey: Guid(1013816695ff48a4eaa994e56e49b5bc) Importer(815301076,1909f56bfc062723c751e8b465ee728b)
Start importing Assets/Scenes using Guid(1013816695ff48a4eaa994e56e49b5bc) Importer(815301076,1909f56bfc062723c751e8b465ee728b)  -> (artifact id: '5f6f9aafbe7962e75807e62a20b82efb') in 0.005917 seconds 
  Import took 0.011201 seconds .

========================================================================
Received Import Request.
  Time since last request: 0.710250 seconds.
  path: Assets/Scenes/Exam.unity
  artifactKey: Guid(9fc0d4010bbf28b4594072e72b8655ab) Importer(815301076,1909f56bfc062723c751e8b465ee728b)
Start importing Assets/Scenes/Exam.unity using Guid(9fc0d4010bbf28b4594072e72b8655ab) Importer(815301076,1909f56bfc062723c751e8b465ee728b)  -> (artifact id: 'b75e32b227ed4d327b4f947f31a49f14') in 0.009734 seconds 
  Import took 0.013728 seconds .

========================================================================
Received Import Request.
  Time since last request: 0.000553 seconds.
  path: Assets/Scenes/Exam.unity
  artifactKey: Guid(9fc0d4010bbf28b4594072e72b8655ab) Importer(815301076,1909f56bfc062723c751e8b465ee728b)
Start importing Assets/Scenes/Exam.unity using Guid(9fc0d4010bbf28b4594072e72b8655ab) Importer(815301076,1909f56bfc062723c751e8b465ee728b)  -> (artifact id: 'b75e32b227ed4d327b4f947f31a49f14') in 0.003775 seconds 
  Import took 0.008243 seconds .

========================================================================
Received Import Request.
  Time since last request: 11.350193 seconds.
  path: Assets/External Assets
  artifactKey: Guid(4553b297978afec4b8eafd09c189e980) Importer(815301076,1909f56bfc062723c751e8b465ee728b)
Start importing Assets/External Assets using Guid(4553b297978afec4b8eafd09c189e980) Importer(815301076,1909f56bfc062723c751e8b465ee728b)  -> (artifact id: '02772f4cf4bc7ba1c9dbffa80dd909c7') in 0.013432 seconds 
  Import took 0.017315 seconds .

========================================================================
Received Import Request.
  Time since last request: 0.645193 seconds.
  path: Assets/External Assets/LowCharacterPack
  artifactKey: Guid(61d768e518fb47a46bbf88c4193e8da9) Importer(815301076,1909f56bfc062723c751e8b465ee728b)
Start importing Assets/External Assets/LowCharacterPack using Guid(61d768e518fb47a46bbf88c4193e8da9) Importer(815301076,1909f56bfc062723c751e8b465ee728b)  -> (artifact id: '04c68891d74099942a1cb685eca4b84c') in 0.010683 seconds 
  Import took 0.015113 seconds .

========================================================================
Received Import Request.
  Time since last request: 0.000668 seconds.
  path: Assets/External Assets/LowCharacterPack
  artifactKey: Guid(61d768e518fb47a46bbf88c4193e8da9) Importer(815301076,1909f56bfc062723c751e8b465ee728b)
Start importing Assets/External Assets/LowCharacterPack using Guid(61d768e518fb47a46bbf88c4193e8da9) Importer(815301076,1909f56bfc062723c751e8b465ee728b)  -> (artifact id: '04c68891d74099942a1cb685eca4b84c') in 0.003890 seconds 
  Import took 0.009157 seconds .

========================================================================
Received Import Request.
  Time since last request: 0.508890 seconds.
  path: Assets/External Assets/LowCharacterPack/LowCharacter_demo
  artifactKey: Guid(a249dbf05af62844fb4df3b30add78b3) Importer(815301076,1909f56bfc062723c751e8b465ee728b)
Start importing Assets/External Assets/LowCharacterPack/LowCharacter_demo using Guid(a249dbf05af62844fb4df3b30add78b3) Importer(815301076,1909f56bfc062723c751e8b465ee728b)  -> (artifact id: 'f96f9eaec96676d66e1161b302cf8632') in 0.008383 seconds 
  Import took 0.011887 seconds .

========================================================================
Received Import Request.
  Time since last request: 0.000508 seconds.
  path: Assets/External Assets/LowCharacterPack/LowCharacter_demo
  artifactKey: Guid(a249dbf05af62844fb4df3b30add78b3) Importer(815301076,1909f56bfc062723c751e8b465ee728b)
Start importing Assets/External Assets/LowCharacterPack/LowCharacter_demo using Guid(a249dbf05af62844fb4df3b30add78b3) Importer(815301076,1909f56bfc062723c751e8b465ee728b)  -> (artifact id: 'f96f9eaec96676d66e1161b302cf8632') in 0.002326 seconds 
  Import took 0.005822 seconds .

========================================================================
Received Import Request.
  Time since last request: 0.578356 seconds.
  path: Assets/External Assets/LowCharacterPack/LowCharacter_demo/models
  artifactKey: Guid(6fc517c7d0e25654284befc17732f91a) Importer(815301076,1909f56bfc062723c751e8b465ee728b)
Start importing Assets/External Assets/LowCharacterPack/LowCharacter_demo/models using Guid(6fc517c7d0e25654284befc17732f91a) Importer(815301076,1909f56bfc062723c751e8b465ee728b)  -> (artifact id: 'e64dec9da50ea56f9addc2369d471000') in 0.008717 seconds 
  Import took 0.011914 seconds .

========================================================================
Received Import Request.
  Time since last request: 0.107776 seconds.
  path: Assets/External Assets/LowCharacterPack/LowCharacter_demo/models/Ninja_Demo@T-Pose.fbx
  artifactKey: Guid(a6e1b293f7ed5584fa548ddde966e03e) Importer(815301076,1909f56bfc062723c751e8b465ee728b)
Start importing Assets/External Assets/LowCharacterPack/LowCharacter_demo/models/Ninja_Demo@T-Pose.fbx using Guid(a6e1b293f7ed5584fa548ddde966e03e) Importer(815301076,1909f56bfc062723c751e8b465ee728b)  -> (artifact id: 'f647ff2c707d6fd8c7735860c2ab9874') in 0.218987 seconds 
  Import took 0.222526 seconds .

========================================================================
Received Import Request.
  Time since last request: 0.815041 seconds.
  path: Assets/External Assets/LowCharacterPack/LowCharacter_demo/models/Materials
  artifactKey: Guid(555b8bf38bf83744297f198d2c054c86) Importer(815301076,1909f56bfc062723c751e8b465ee728b)
Start importing Assets/External Assets/LowCharacterPack/LowCharacter_demo/models/Materials using Guid(555b8bf38bf83744297f198d2c054c86) Importer(815301076,1909f56bfc062723c751e8b465ee728b)  -> (artifact id: '5f1487dc3435924a7e58c5255a303b5e') in 0.010012 seconds 
  Import took 0.013385 seconds .

========================================================================
Received Import Request.
  Time since last request: 0.090606 seconds.
  path: Assets/External Assets/LowCharacterPack/LowCharacter_demo/models/Materials/Ninja_demo.mat
  artifactKey: Guid(1c6a1a7adaf94c44a83af9c4a87fbe8f) Importer(815301076,1909f56bfc062723c751e8b465ee728b)
Start importing Assets/External Assets/LowCharacterPack/LowCharacter_demo/models/Materials/Ninja_demo.mat using Guid(1c6a1a7adaf94c44a83af9c4a87fbe8f) Importer(815301076,1909f56bfc062723c751e8b465ee728b)  -> (artifact id: '2284e7b3e8f895e0d2038c1225417e73') in 0.116233 seconds 
  Import took 0.120377 seconds .

========================================================================
Received Import Request.
  Time since last request: 0.000196 seconds.
  path: Assets/External Assets/LowCharacterPack/LowCharacter_demo/models/Materials/Ninja_demo_texture.png
  artifactKey: Guid(d053875622bc1c642b7cbb2bb2063bcd) Importer(815301076,1909f56bfc062723c751e8b465ee728b)
Start importing Assets/External Assets/LowCharacterPack/LowCharacter_demo/models/Materials/Ninja_demo_texture.png using Guid(d053875622bc1c642b7cbb2bb2063bcd) Importer(815301076,1909f56bfc062723c751e8b465ee728b)  -> (artifact id: 'e19346a31e2a60cd080d8a2500f24f74') in 0.037381 seconds 
  Import took 0.040039 seconds .

========================================================================
Received Import Request.
  Time since last request: 3.192008 seconds.
  path: Assets/External Assets/LowCharacterPack/LowCharacter_demo/prefabs
  artifactKey: Guid(46415cdd4c42df74fad7499cb88eff95) Importer(815301076,1909f56bfc062723c751e8b465ee728b)
Start importing Assets/External Assets/LowCharacterPack/LowCharacter_demo/prefabs using Guid(46415cdd4c42df74fad7499cb88eff95) Importer(815301076,1909f56bfc062723c751e8b465ee728b)  -> (artifact id: '23743b313d9d00411b0e7fb69c7158ca') in 0.009509 seconds 
  Import took 0.012615 seconds .

========================================================================
Received Import Request.
  Time since last request: 0.115926 seconds.
  path: Assets/External Assets/LowCharacterPack/LowCharacter_demo/prefabs/Ninja_Demo@T-Pose.prefab
  artifactKey: Guid(50c549939b9529d49b9eae59fc1d0fd3) Importer(815301076,1909f56bfc062723c751e8b465ee728b)
Start importing Assets/External Assets/LowCharacterPack/LowCharacter_demo/prefabs/Ninja_Demo@T-Pose.prefab using Guid(50c549939b9529d49b9eae59fc1d0fd3) Importer(815301076,1909f56bfc062723c751e8b465ee728b)  -> (artifact id: '8277abc72cbbdcfea11fef2e0539f9b4') in 0.030534 seconds 
  Import took 0.037457 seconds .

========================================================================
Received Import Request.
  Time since last request: 1.249504 seconds.
  path: Assets/External Assets/LowCharacterPack/LowCharacter_demo/prefabs/sample_scene
  artifactKey: Guid(661d368d007669a47a5c25af506081bd) Importer(815301076,1909f56bfc062723c751e8b465ee728b)
Start importing Assets/External Assets/LowCharacterPack/LowCharacter_demo/prefabs/sample_scene using Guid(661d368d007669a47a5c25af506081bd) Importer(815301076,1909f56bfc062723c751e8b465ee728b)  -> (artifact id: 'ee1fd206f782b18c7744b0106b5ceb7c') in 0.008804 seconds 
  Import took 0.012222 seconds .

========================================================================
Received Import Request.
  Time since last request: 0.000577 seconds.
  path: Assets/External Assets/LowCharacterPack/LowCharacter_demo/prefabs/sample_scene
  artifactKey: Guid(661d368d007669a47a5c25af506081bd) Importer(815301076,1909f56bfc062723c751e8b465ee728b)
Start importing Assets/External Assets/LowCharacterPack/LowCharacter_demo/prefabs/sample_scene using Guid(661d368d007669a47a5c25af506081bd) Importer(815301076,1909f56bfc062723c751e8b465ee728b)  -> (artifact id: 'ee1fd206f782b18c7744b0106b5ceb7c') in 0.002535 seconds 
  Import took 0.005719 seconds .

========================================================================
Received Import Request.
  Time since last request: 0.093799 seconds.
  path: Assets/External Assets/LowCharacterPack/LowCharacter_demo/prefabs/sample_scene/Ground.mat
  artifactKey: Guid(bb14cb2ac9a0a3e4eb0480f747b585fb) Importer(815301076,1909f56bfc062723c751e8b465ee728b)
Start importing Assets/External Assets/LowCharacterPack/LowCharacter_demo/prefabs/sample_scene/Ground.mat using Guid(bb14cb2ac9a0a3e4eb0480f747b585fb) Importer(815301076,1909f56bfc062723c751e8b465ee728b)  -> (artifact id: 'a3cf7c5f8d3ece56627c6f0ee1a56dd9') in 0.013990 seconds 
  Import took 0.017862 seconds .

========================================================================
Received Import Request.
  Time since last request: 0.000289 seconds.
  path: Assets/External Assets/LowCharacterPack/LowCharacter_demo/prefabs/sample_scene/Sky.mat
  artifactKey: Guid(94d425651fb2ae14891509be6faa487f) Importer(815301076,1909f56bfc062723c751e8b465ee728b)
Start importing Assets/External Assets/LowCharacterPack/LowCharacter_demo/prefabs/sample_scene/Sky.mat using Guid(94d425651fb2ae14891509be6faa487f) Importer(815301076,1909f56bfc062723c751e8b465ee728b)  -> (artifact id: '99d1ee321fe33a00971b12f3ecd74a64') in 0.103092 seconds 
  Import took 0.105739 seconds .

========================================================================
Received Import Request.
  Time since last request: 9.950735 seconds.
  path: Assets/Audio
  artifactKey: Guid(5ddb7ec85aece9149a9c06440cec13fe) Importer(815301076,1909f56bfc062723c751e8b465ee728b)
Start importing Assets/Audio using Guid(5ddb7ec85aece9149a9c06440cec13fe) Importer(815301076,1909f56bfc062723c751e8b465ee728b)  -> (artifact id: '4c8ecb5fe3ba09ace48f251302f735e1') in 0.011367 seconds 
  Import took 0.015135 seconds .

========================================================================
Received Import Request.
  Time since last request: 0.067662 seconds.
  path: Assets/Audio/PM_SDNG_Single_Step_Footstep_19.wav
  artifactKey: Guid(90adb0d947e21f94dba658f04e28acb4) Importer(815301076,1909f56bfc062723c751e8b465ee728b)
Start importing Assets/Audio/PM_SDNG_Single_Step_Footstep_19.wav using Guid(90adb0d947e21f94dba658f04e28acb4) Importer(815301076,1909f56bfc062723c751e8b465ee728b)  -> (artifact id: 'fad8413d6bb2e4e6fa654add67df968b') in 0.109079 seconds 
  Import took 0.111922 seconds .

========================================================================
Received Import Request.
  Time since last request: 0.000262 seconds.
  path: Assets/Audio/PM_SDNG_Single_Step_Footstep_46.wav
  artifactKey: Guid(4da4cbb47905b104589e383062b4f420) Importer(815301076,1909f56bfc062723c751e8b465ee728b)
Start importing Assets/Audio/PM_SDNG_Single_Step_Footstep_46.wav using Guid(4da4cbb47905b104589e383062b4f420) Importer(815301076,1909f56bfc062723c751e8b465ee728b)  -> (artifact id: 'b5abbc5eefe62f6197d63b12b6953128') in 0.020829 seconds 
  Import took 0.023909 seconds .

========================================================================
Received Import Request.
  Time since last request: 0.000488 seconds.
  path: Assets/Audio/PM_SDNG_Single_Step_Footstep_46.wav
  artifactKey: Guid(4da4cbb47905b104589e383062b4f420) Importer(815301076,1909f56bfc062723c751e8b465ee728b)
Start importing Assets/Audio/PM_SDNG_Single_Step_Footstep_46.wav using Guid(4da4cbb47905b104589e383062b4f420) Importer(815301076,1909f56bfc062723c751e8b465ee728b)  -> (artifact id: 'b5abbc5eefe62f6197d63b12b6953128') in 0.019620 seconds 
  Import took 0.022862 seconds .

========================================================================
Received Import Request.
  Time since last request: 3.319485 seconds.
  path: Assets/Materials
  artifactKey: Guid(c01dd08f57c7a9547b5480aee0538332) Importer(815301076,1909f56bfc062723c751e8b465ee728b)
Start importing Assets/Materials using Guid(c01dd08f57c7a9547b5480aee0538332) Importer(815301076,1909f56bfc062723c751e8b465ee728b)  -> (artifact id: '7ae053ad4960106efab1216e438f863a') in 0.006615 seconds 
  Import took 0.009695 seconds .

========================================================================
Received Import Request.
  Time since last request: 0.114428 seconds.
  path: Assets/Materials/blueprint.mat
  artifactKey: Guid(9f25b78b587fe4042a39b5aecdf55fae) Importer(815301076,1909f56bfc062723c751e8b465ee728b)
Start importing Assets/Materials/blueprint.mat using Guid(9f25b78b587fe4042a39b5aecdf55fae) Importer(815301076,1909f56bfc062723c751e8b465ee728b)  -> (artifact id: '01d1c4a5eab3713c2637e43432909c1d') in 0.315173 seconds 
  Import took 0.319884 seconds .

========================================================================
Received Import Request.
  Time since last request: 0.000284 seconds.
  path: Assets/Materials/cursor.mat
  artifactKey: Guid(645c32c0ab891974bb845b3e248908c1) Importer(815301076,1909f56bfc062723c751e8b465ee728b)
Start importing Assets/Materials/cursor.mat using Guid(645c32c0ab891974bb845b3e248908c1) Importer(815301076,1909f56bfc062723c751e8b465ee728b)  -> (artifact id: 'd8aca2d08322c58057ef2d82aed3f921') in 0.106720 seconds 
  Import took 0.109180 seconds .

========================================================================
Received Import Request.
  Time since last request: 0.000234 seconds.
  path: Assets/Materials/map.mat
  artifactKey: Guid(f49e08728f915ce4a8a88fdb816b2546) Importer(815301076,1909f56bfc062723c751e8b465ee728b)
Start importing Assets/Materials/map.mat using Guid(f49e08728f915ce4a8a88fdb816b2546) Importer(815301076,1909f56bfc062723c751e8b465ee728b)  -> (artifact id: '4667893ad78b406dd91d814c30586230') in 0.017551 seconds 
  Import took 0.020209 seconds .

========================================================================
Received Import Request.
  Time since last request: 0.000229 seconds.
  path: Assets/Materials/grid.mat
  artifactKey: Guid(2d99725693e55b4459a14d8bafc2181b) Importer(815301076,1909f56bfc062723c751e8b465ee728b)
Start importing Assets/Materials/grid.mat using Guid(2d99725693e55b4459a14d8bafc2181b) Importer(815301076,1909f56bfc062723c751e8b465ee728b)  -> (artifact id: '8298d897d29627a4e9983a2441dcc4a9') in 0.221044 seconds 
  Import took 0.223470 seconds .

========================================================================
Received Import Request.
  Time since last request: 0.000237 seconds.
  path: Assets/Materials/tiles.mat
  artifactKey: Guid(b2b792e8035780b4e93dfa109141548a) Importer(815301076,1909f56bfc062723c751e8b465ee728b)
Start importing Assets/Materials/tiles.mat using Guid(b2b792e8035780b4e93dfa109141548a) Importer(815301076,1909f56bfc062723c751e8b465ee728b)  -> (artifact id: '579117c42434443852b9f0d307989c72') in 0.017119 seconds 
  Import took 0.019694 seconds .

========================================================================
Received Import Request.
  Time since last request: 0.000274 seconds.
  path: Assets/Materials/mapFloor.mat
  artifactKey: Guid(85534d826aaa5f140903f557ab7318c8) Importer(815301076,1909f56bfc062723c751e8b465ee728b)
Start importing Assets/Materials/mapFloor.mat using Guid(85534d826aaa5f140903f557ab7318c8) Importer(815301076,1909f56bfc062723c751e8b465ee728b)  -> (artifact id: '85d4367836011bbc4fc90bb7557b0e7f') in 0.024474 seconds 
  Import took 0.027476 seconds .

========================================================================
Received Import Request.
  Time since last request: 0.000197 seconds.
  path: Assets/Materials/carpetWaves.mat
  artifactKey: Guid(d335aff44285069469a45f033bfcd7dc) Importer(815301076,1909f56bfc062723c751e8b465ee728b)
Start importing Assets/Materials/carpetWaves.mat using Guid(d335aff44285069469a45f033bfcd7dc) Importer(815301076,1909f56bfc062723c751e8b465ee728b)  -> (artifact id: 'b195fcb156f13d3607d740c79f395d23') in 0.032610 seconds 
  Import took 0.035312 seconds .

========================================================================
Received Import Request.
  Time since last request: 0.000191 seconds.
  path: Assets/Materials/carpetChecker.mat
  artifactKey: Guid(c6bc888b96fa4224da5d0ff19f4855c2) Importer(815301076,1909f56bfc062723c751e8b465ee728b)
Start importing Assets/Materials/carpetChecker.mat using Guid(c6bc888b96fa4224da5d0ff19f4855c2) Importer(815301076,1909f56bfc062723c751e8b465ee728b)  -> (artifact id: '70cf881948299a42c5bf6c3bf412a96f') in 0.166505 seconds 
  Import took 0.169325 seconds .

========================================================================
Received Import Request.
  Time since last request: 0.000254 seconds.
  path: Assets/Materials/blueprintFloor.mat
  artifactKey: Guid(41b6c1775f61e664ab875227c5e8747c) Importer(815301076,1909f56bfc062723c751e8b465ee728b)
Start importing Assets/Materials/blueprintFloor.mat using Guid(41b6c1775f61e664ab875227c5e8747c) Importer(815301076,1909f56bfc062723c751e8b465ee728b)  -> (artifact id: 'f192aca710ce77d949c6ea13c18c3f86') in 0.023301 seconds 
  Import took 0.026533 seconds .

========================================================================
Received Import Request.
  Time since last request: 0.731902 seconds.
  path: Assets/Materials/Textures
  artifactKey: Guid(d615fea602204ba42bbbc95adfdaa8a7) Importer(815301076,1909f56bfc062723c751e8b465ee728b)
Start importing Assets/Materials/Textures using Guid(d615fea602204ba42bbbc95adfdaa8a7) Importer(815301076,1909f56bfc062723c751e8b465ee728b)  -> (artifact id: '041ef2824ba3cd7ee1a8583ee73004c2') in 0.010679 seconds 
  Import took 0.019097 seconds .

========================================================================
Received Import Request.
  Time since last request: 0.059852 seconds.
  path: Assets/Materials/Textures/arcade.png
  artifactKey: Guid(5e26a9d8460865549884567d80ab6d6f) Importer(815301076,1909f56bfc062723c751e8b465ee728b)
Start importing Assets/Materials/Textures/arcade.png using Guid(5e26a9d8460865549884567d80ab6d6f) Importer(815301076,1909f56bfc062723c751e8b465ee728b)  -> (artifact id: 'e9e61c1d5f3948931e51cd9c5b09bf3f') in 0.012424 seconds 
  Import took 0.016413 seconds .

========================================================================
Received Import Request.
  Time since last request: 0.000236 seconds.
  path: Assets/Materials/Textures/carpetChecker.png
  artifactKey: Guid(fe810a130db532d40a6403a24742c581) Importer(815301076,1909f56bfc062723c751e8b465ee728b)
Start importing Assets/Materials/Textures/carpetChecker.png using Guid(fe810a130db532d40a6403a24742c581) Importer(815301076,1909f56bfc062723c751e8b465ee728b)  -> (artifact id: '5c1f420c80c922943b1322a3ac3325c7') in 0.020328 seconds 
  Import took 0.023560 seconds .

========================================================================
Received Import Request.
  Time since last request: 0.000241 seconds.
  path: Assets/Materials/Textures/tiles.png
  artifactKey: Guid(7183a4959d97115479fc2671bb6bbdce) Importer(815301076,1909f56bfc062723c751e8b465ee728b)
Start importing Assets/Materials/Textures/tiles.png using Guid(7183a4959d97115479fc2671bb6bbdce) Importer(815301076,1909f56bfc062723c751e8b465ee728b)  -> (artifact id: 'a68b53192a79234aa5922c44b18f923d') in 0.015384 seconds 
  Import took 0.018173 seconds .

========================================================================
Received Import Request.
  Time since last request: 0.000236 seconds.
  path: Assets/Materials/Textures/wallDefault.png
  artifactKey: Guid(f7029efcc9cc5664891afcc4934073ee) Importer(815301076,1909f56bfc062723c751e8b465ee728b)
Start importing Assets/Materials/Textures/wallDefault.png using Guid(f7029efcc9cc5664891afcc4934073ee) Importer(815301076,1909f56bfc062723c751e8b465ee728b)  -> (artifact id: '88a12700b6665bd305944ed5a9593945') in 0.014175 seconds 
  Import took 0.017842 seconds .

========================================================================
Received Import Request.
  Time since last request: 0.000220 seconds.
  path: Assets/Materials/Textures/carpetWaves.png
  artifactKey: Guid(44341679eadaa8c48bcf16bfe011c56f) Importer(815301076,1909f56bfc062723c751e8b465ee728b)
Start importing Assets/Materials/Textures/carpetWaves.png using Guid(44341679eadaa8c48bcf16bfe011c56f) Importer(815301076,1909f56bfc062723c751e8b465ee728b)  -> (artifact id: '13c522bdbb38dfaeffe75a4d03431c36') in 0.012533 seconds 
  Import took 0.015347 seconds .

========================================================================
Received Import Request.
  Time since last request: 0.000207 seconds.
  path: Assets/Materials/Textures/wallDark.png
  artifactKey: Guid(ad8ee2e3e7f97fc45b922f1cb4f260c5) Importer(815301076,1909f56bfc062723c751e8b465ee728b)
Start importing Assets/Materials/Textures/wallDark.png using Guid(ad8ee2e3e7f97fc45b922f1cb4f260c5) Importer(815301076,1909f56bfc062723c751e8b465ee728b)  -> (artifact id: 'dd6c26179901393fa2413325808b69e6') in 0.013182 seconds 
  Import took 0.016354 seconds .

========================================================================
Received Import Request.
  Time since last request: 0.000211 seconds.
  path: Assets/Materials/Textures/wallBlue.png
  artifactKey: Guid(70cab32b8f932744a95faefcf114924c) Importer(815301076,1909f56bfc062723c751e8b465ee728b)
Start importing Assets/Materials/Textures/wallBlue.png using Guid(70cab32b8f932744a95faefcf114924c) Importer(815301076,1909f56bfc062723c751e8b465ee728b)  -> (artifact id: '4b089eef1e13a4c52306947bcc9082a6') in 0.013310 seconds 
  Import took 0.016211 seconds .

========================================================================
Received Import Request.
  Time since last request: 0.000173 seconds.
  path: Assets/Materials/Textures/cabin.png
  artifactKey: Guid(c6008962edc98684b84b745356495e61) Importer(815301076,1909f56bfc062723c751e8b465ee728b)
Start importing Assets/Materials/Textures/cabin.png using Guid(c6008962edc98684b84b745356495e61) Importer(815301076,1909f56bfc062723c751e8b465ee728b)  -> (artifact id: '596e730c9fc35a59de7b9a93ce208c0f') in 0.012540 seconds 
  Import took 0.015467 seconds .

========================================================================
Received Import Request.
  Time since last request: 1.071872 seconds.
  path: Assets/Materials/Shaders
  artifactKey: Guid(21a8f1d767ec4704dbacc93d8e0f221c) Importer(815301076,1909f56bfc062723c751e8b465ee728b)
Start importing Assets/Materials/Shaders using Guid(21a8f1d767ec4704dbacc93d8e0f221c) Importer(815301076,1909f56bfc062723c751e8b465ee728b)  -> (artifact id: '6fa681048a4213578a8dd745ebeccb0d') in 0.010989 seconds 
  Import took 0.014623 seconds .

========================================================================
Received Import Request.
  Time since last request: 1.083171 seconds.
  path: Assets/Materials/Materials
  artifactKey: Guid(7645d253b00e0d84c939ca549686e79c) Importer(815301076,1909f56bfc062723c751e8b465ee728b)
Start importing Assets/Materials/Materials using Guid(7645d253b00e0d84c939ca549686e79c) Importer(815301076,1909f56bfc062723c751e8b465ee728b)  -> (artifact id: '854a19a82bdf461daad88fa02a722121') in 0.005981 seconds 
  Import took 0.009711 seconds .

========================================================================
Received Import Request.
  Time since last request: 0.082654 seconds.
  path: Assets/Materials/Materials/cabin.mat
  artifactKey: Guid(aa3cd95158ab6804398be7bc264cd504) Importer(815301076,1909f56bfc062723c751e8b465ee728b)
Start importing Assets/Materials/Materials/cabin.mat using Guid(aa3cd95158ab6804398be7bc264cd504) Importer(815301076,1909f56bfc062723c751e8b465ee728b)  -> (artifact id: '80433c00e39d81f736bdeff7c23e1d87') in 0.013122 seconds 
  Import took 0.016223 seconds .

========================================================================
Received Import Request.
  Time since last request: 4.152483 seconds.
  path: Assets/Scripts
  artifactKey: Guid(3e89a810d4285ee4fb642481f9fb68d2) Importer(815301076,1909f56bfc062723c751e8b465ee728b)
Start importing Assets/Scripts using Guid(3e89a810d4285ee4fb642481f9fb68d2) Importer(815301076,1909f56bfc062723c751e8b465ee728b)  -> (artifact id: 'ba4af71f877f963e69654f28ff11c4a5') in 0.009354 seconds 
  Import took 0.013255 seconds .

========================================================================
Received Import Request.
  Time since last request: 0.000870 seconds.
  path: Assets/Scripts
  artifactKey: Guid(3e89a810d4285ee4fb642481f9fb68d2) Importer(815301076,1909f56bfc062723c751e8b465ee728b)
Start importing Assets/Scripts using Guid(3e89a810d4285ee4fb642481f9fb68d2) Importer(815301076,1909f56bfc062723c751e8b465ee728b)  -> (artifact id: 'ba4af71f877f963e69654f28ff11c4a5') in 0.002988 seconds 
  Import took 0.006477 seconds .

========================================================================
Received Import Request.
  Time since last request: 1.644025 seconds.
  path: Assets/Tree_Textures
  artifactKey: Guid(f0226b3cbbe460a4f9873db2683a7c2e) Importer(815301076,1909f56bfc062723c751e8b465ee728b)
Start importing Assets/Tree_Textures using Guid(f0226b3cbbe460a4f9873db2683a7c2e) Importer(815301076,1909f56bfc062723c751e8b465ee728b)  -> (artifact id: '65a0500323c8f2c5e6325f437f6032c6') in 0.009550 seconds 
  Import took 0.013244 seconds .

========================================================================
Received Import Request.
  Time since last request: 0.000773 seconds.
  path: Assets/Tree_Textures
  artifactKey: Guid(f0226b3cbbe460a4f9873db2683a7c2e) Importer(815301076,1909f56bfc062723c751e8b465ee728b)
Start importing Assets/Tree_Textures using Guid(f0226b3cbbe460a4f9873db2683a7c2e) Importer(815301076,1909f56bfc062723c751e8b465ee728b)  -> (artifact id: '65a0500323c8f2c5e6325f437f6032c6') in 0.002345 seconds 
  Import took 0.005542 seconds .

========================================================================
Received Import Request.
  Time since last request: 0.057932 seconds.
  path: Assets/Tree_Textures/diffuse.png
  artifactKey: Guid(25d387fed9a18664e8b819b81a4e4126) Importer(815301076,1909f56bfc062723c751e8b465ee728b)
Start importing Assets/Tree_Textures/diffuse.png using Guid(25d387fed9a18664e8b819b81a4e4126) Importer(815301076,1909f56bfc062723c751e8b465ee728b)  -> (artifact id: '5bdba6977eab1101c258d0fefe928128') in 0.011635 seconds 
  Import took 0.014502 seconds .

========================================================================
Received Import Request.
  Time since last request: 0.000346 seconds.
  path: Assets/Tree_Textures/normal_specular.png
  artifactKey: Guid(43c93f3070e04a14c8afac74a035207b) Importer(815301076,1909f56bfc062723c751e8b465ee728b)
Start importing Assets/Tree_Textures/normal_specular.png using Guid(43c93f3070e04a14c8afac74a035207b) Importer(815301076,1909f56bfc062723c751e8b465ee728b)  -> (artifact id: '6879e7f772aa8d941b9f4ee094a9f441') in 0.014564 seconds 
  Import took 0.018112 seconds .

========================================================================
Received Import Request.
  Time since last request: 0.000109 seconds.
  path: Assets/Tree_Textures/shadow.png
  artifactKey: Guid(49dd824939fbcf840855d5be8bf967fc) Importer(815301076,1909f56bfc062723c751e8b465ee728b)
Start importing Assets/Tree_Textures/shadow.png using Guid(49dd824939fbcf840855d5be8bf967fc) Importer(815301076,1909f56bfc062723c751e8b465ee728b)  -> (artifact id: 'ee8f2d45aaa9aad5afdb5f89c51b075b') in 0.014866 seconds 
  Import took 0.018043 seconds .

========================================================================
Received Import Request.
  Time since last request: 0.000269 seconds.
  path: Assets/Tree_Textures/translucency_gloss.png
  artifactKey: Guid(ca5e5ff3173d6344891029fa283f187c) Importer(815301076,1909f56bfc062723c751e8b465ee728b)
Start importing Assets/Tree_Textures/translucency_gloss.png using Guid(ca5e5ff3173d6344891029fa283f187c) Importer(815301076,1909f56bfc062723c751e8b465ee728b)  -> (artifact id: 'c32a3542b17e9ceba2d8e1f835301311') in 0.014807 seconds 
  Import took 0.017633 seconds .

========================================================================
Received Import Request.
  Time since last request: 79.084532 seconds.
  path: Assets
  artifactKey: Guid(00000000000000001000000000000000) Importer(815301076,1909f56bfc062723c751e8b465ee728b)
Start importing Assets using Guid(00000000000000001000000000000000) Importer(815301076,1909f56bfc062723c751e8b465ee728b)  -> (artifact id: '42d402b061de3733987d63b9cc3b64de') in 0.047634 seconds 
  Import took 0.051816 seconds .

========================================================================
Received Import Request.
  Time since last request: 4.813295 seconds.
  path: Assets/Animations
  artifactKey: Guid(1823ce89b9062064a9ec59c271de022d) Importer(815301076,1909f56bfc062723c751e8b465ee728b)
Start importing Assets/Animations using Guid(1823ce89b9062064a9ec59c271de022d) Importer(815301076,1909f56bfc062723c751e8b465ee728b)  -> (artifact id: '36b14cd4fa77f929635ceb817009fb06') in 0.009141 seconds 
  Import took 0.011939 seconds .

========================================================================
Received Import Request.
  Time since last request: 229.496454 seconds.
  path: Assets/Animations/maw_j_laygo@Walking.fbx
  artifactKey: Guid(a31bd212c0b79e14aa03c53be9ac3d92) Importer(815301076,1909f56bfc062723c751e8b465ee728b)
Start importing Assets/Animations/maw_j_laygo@Walking.fbx using Guid(a31bd212c0b79e14aa03c53be9ac3d92) Importer(815301076,1909f56bfc062723c751e8b465ee728b)  -> (artifact id: 'a150feff130dcf8115de93c9cc236546') in 0.295187 seconds 
  Import took 0.298603 seconds .

========================================================================
Received Import Request.
  Time since last request: 4.830334 seconds.
  path: Assets/Animations/Walk.fbx
  artifactKey: Guid(a31bd212c0b79e14aa03c53be9ac3d92) Importer(815301076,1909f56bfc062723c751e8b465ee728b)
Start importing Assets/Animations/Walk.fbx using Guid(a31bd212c0b79e14aa03c53be9ac3d92) Importer(815301076,1909f56bfc062723c751e8b465ee728b)  -> (artifact id: 'fe23b1fdde6ddfc48c8152e3b9f8976a') in 0.041174 seconds 
  Import took 0.044601 seconds .

========================================================================
Received Import Request.
  Time since last request: 3.940308 seconds.
  path: Assets/Animations/maw_j_laygo@Happy Idle.fbx
  artifactKey: Guid(e74a3a441fdf0244b884f6702c46df8d) Importer(815301076,1909f56bfc062723c751e8b465ee728b)
Start importing Assets/Animations/maw_j_laygo@Happy Idle.fbx using Guid(e74a3a441fdf0244b884f6702c46df8d) Importer(815301076,1909f56bfc062723c751e8b465ee728b)  -> (artifact id: '8079fa850ee2974efa0c8603e5df8a24') in 0.038847 seconds 
  Import took 0.042668 seconds .

========================================================================
Received Import Request.
  Time since last request: 6.435472 seconds.
  path: Assets/Animations/IDLE.fbx
  artifactKey: Guid(e74a3a441fdf0244b884f6702c46df8d) Importer(815301076,1909f56bfc062723c751e8b465ee728b)
Start importing Assets/Animations/IDLE.fbx using Guid(e74a3a441fdf0244b884f6702c46df8d) Importer(815301076,1909f56bfc062723c751e8b465ee728b)  -> (artifact id: 'ab27bcafcfd444e717696d0054c4ee4b') in 0.038349 seconds 
  Import took 0.042728 seconds .

========================================================================
Received Import Request.
  Time since last request: 3.552043 seconds.
  path: Assets/Animations/maw_j_laygo@Drunk Run Forward.fbx
  artifactKey: Guid(24121428b50d31c47bbb4592dc48110d) Importer(815301076,1909f56bfc062723c751e8b465ee728b)
Start importing Assets/Animations/maw_j_laygo@Drunk Run Forward.fbx using Guid(24121428b50d31c47bbb4592dc48110d) Importer(815301076,1909f56bfc062723c751e8b465ee728b)  -> (artifact id: '1b7d3244d9fe6903a579a459ba493ad0') in 0.038275 seconds 
  Import took 0.041498 seconds .

========================================================================
Received Import Request.
  Time since last request: 0.002182 seconds.
  path: Assets/Animations/maw_j_laygo@Drunk Run Forward.fbx
  artifactKey: Guid(24121428b50d31c47bbb4592dc48110d) Importer(815301076,1909f56bfc062723c751e8b465ee728b)
Start importing Assets/Animations/maw_j_laygo@Drunk Run Forward.fbx using Guid(24121428b50d31c47bbb4592dc48110d) Importer(815301076,1909f56bfc062723c751e8b465ee728b)  -> (artifact id: '1b7d3244d9fe6903a579a459ba493ad0') in 0.039890 seconds 
  Import took 0.043564 seconds .

========================================================================
Received Import Request.
  Time since last request: 6.799848 seconds.
  path: Assets/Animations/Run.fbx
  artifactKey: Guid(24121428b50d31c47bbb4592dc48110d) Importer(815301076,1909f56bfc062723c751e8b465ee728b)
Start importing Assets/Animations/Run.fbx using Guid(24121428b50d31c47bbb4592dc48110d) Importer(815301076,1909f56bfc062723c751e8b465ee728b)  -> (artifact id: 'f6ec27349081e064796eabd936857fda') in 0.045951 seconds 
  Import took 0.048942 seconds .

========================================================================
Received Import Request.
  Time since last request: 4.498772 seconds.
  path: Assets/Animations/maw_j_laygo@Jumping.fbx
  artifactKey: Guid(21535d679c925a449af80e9653d25147) Importer(815301076,1909f56bfc062723c751e8b465ee728b)
Start importing Assets/Animations/maw_j_laygo@Jumping.fbx using Guid(21535d679c925a449af80e9653d25147) Importer(815301076,1909f56bfc062723c751e8b465ee728b)  -> (artifact id: 'de1602485665f74293407cd0e32ca799') in 0.043802 seconds 
  Import took 0.048100 seconds .

========================================================================
Received Import Request.
  Time since last request: 8.202350 seconds.
  path: Assets/Animations/Jump.fbx
  artifactKey: Guid(21535d679c925a449af80e9653d25147) Importer(815301076,1909f56bfc062723c751e8b465ee728b)
Start importing Assets/Animations/Jump.fbx using Guid(21535d679c925a449af80e9653d25147) Importer(815301076,1909f56bfc062723c751e8b465ee728b)  -> (artifact id: '0214e33e6cbb280c4b27795e7ae9533f') in 0.044533 seconds 
  Import took 0.048760 seconds .

========================================================================
Received Import Request.
  Time since last request: 65.761196 seconds.
  path: Assets/Scripts/PlayerController.cs
  artifactKey: Guid(afa9274c95541294d84c8f5157e47b99) Importer(815301076,1909f56bfc062723c751e8b465ee728b)
Start importing Assets/Scripts/PlayerController.cs using Guid(afa9274c95541294d84c8f5157e47b99) Importer(815301076,1909f56bfc062723c751e8b465ee728b)  -> (artifact id: '9374f2860a357dde7bd5c5bca0fb788b') in 0.010880 seconds 
  Import took 0.015092 seconds .

========================================================================
Received Prepare
Registering precompiled user dll's ...
Registered in 0.003877 seconds.
Begin MonoManager ReloadAssembly
Native extension for WindowsStandalone target not found
Refreshing native plugins compatible for Editor in 0.46 ms, found 2 plugins.
Preloading 0 native plugins for Editor in 0.00 ms.
Mono: successfully reloaded assembly
- Completed reload, in  1.089 seconds
Domain Reload Profiling:
	ReloadAssembly (1089ms)
		BeginReloadAssembly (114ms)
			ExecutionOrderSort (0ms)
			DisableScriptedObjects (4ms)
			BackupInstance (0ms)
			ReleaseScriptingObjects (0ms)
			CreateAndSetChildDomain (34ms)
		EndReloadAssembly (909ms)
			LoadAssemblies (95ms)
			RebuildTransferFunctionScriptingTraits (0ms)
			SetupTypeCache (334ms)
			ReleaseScriptCaches (1ms)
			RebuildScriptCaches (50ms)
			SetupLoadedEditorAssemblies (320ms)
				LogAssemblyErrors (0ms)
				InitializePlatformSupportModulesInManaged (8ms)
				SetLoadedEditorAssemblies (1ms)
				RefreshPlugins (1ms)
				BeforeProcessingInitializeOnLoad (59ms)
				ProcessInitializeOnLoadAttributes (243ms)
				ProcessInitializeOnLoadMethodAttributes (4ms)
				AfterProcessingInitializeOnLoad (5ms)
				EditorAssembliesLoaded (0ms)
			ExecutionOrderSort2 (0ms)
			AwakeInstancesAfterBackupRestoration (7ms)
Platform modules already initialized, skipping
Refreshing native plugins compatible for Editor in 0.33 ms, found 2 plugins.
Preloading 0 native plugins for Editor in 0.00 ms.
Unloading 1533 Unused Serialized files (Serialized files now loaded: 0)
System memory in use before: 88.5 MB.
System memory in use after: 88.6 MB.

Unloading 14 unused Assets to reduce memory usage. Loaded Objects now: 2035.
Total: 1.956500 ms (FindLiveObjects: 0.158500 ms CreateObjectMapping: 0.052700 ms MarkObjects: 1.708800 ms  DeleteObjects: 0.035400 ms)

AssetImportParameters requested are different than current active one (requested -> active):
  custom:framework-win-MediaFoundation: 216162199b28c13a410421893ffa2e32 -> 
  custom:video-decoder-ogg-theora: a1e56fd34408186e4bbccfd4996cb3dc -> 
  custom:container-muxer-webm: aa71ff27fc2769a1b78a27578f13a17b -> 
  custom:container-demuxer-webm: 4f35f7cbe854078d1ac9338744f61a02 -> 
  custom:container-demuxer-ogg: 62fdf1f143b41e24485cea50d1cbac27 -> 
  custom:video-encoder-webm-vp8: eb34c28f22e8b96e1ab97ce403110664 -> 
  custom:video-decoder-webm-vp8: 9c59270c3fd7afecdb556c50c9e8de78 -> 
  custom:audio-decoder-ogg-vorbis: bf7c407c2cedff20999df2af8eb42d56 -> 
  custom:audio-encoder-webm-vorbis: bf7c407c2cedff20999df2af8eb42d56 -> 
========================================================================
Received Prepare
Registering precompiled user dll's ...
Registered in 0.005274 seconds.
Begin MonoManager ReloadAssembly
Native extension for WindowsStandalone target not found
Refreshing native plugins compatible for Editor in 0.33 ms, found 2 plugins.
Preloading 0 native plugins for Editor in 0.00 ms.
Mono: successfully reloaded assembly
- Completed reload, in  1.044 seconds
Domain Reload Profiling:
	ReloadAssembly (1045ms)
		BeginReloadAssembly (117ms)
			ExecutionOrderSort (0ms)
			DisableScriptedObjects (5ms)
			BackupInstance (0ms)
			ReleaseScriptingObjects (0ms)
			CreateAndSetChildDomain (32ms)
		EndReloadAssembly (861ms)
			LoadAssemblies (96ms)
			RebuildTransferFunctionScriptingTraits (0ms)
			SetupTypeCache (310ms)
			ReleaseScriptCaches (1ms)
			RebuildScriptCaches (43ms)
			SetupLoadedEditorAssemblies (309ms)
				LogAssemblyErrors (0ms)
				InitializePlatformSupportModulesInManaged (5ms)
				SetLoadedEditorAssemblies (0ms)
				RefreshPlugins (0ms)
				BeforeProcessingInitializeOnLoad (51ms)
				ProcessInitializeOnLoadAttributes (239ms)
				ProcessInitializeOnLoadMethodAttributes (6ms)
				AfterProcessingInitializeOnLoad (7ms)
				EditorAssembliesLoaded (0ms)
			ExecutionOrderSort2 (0ms)
			AwakeInstancesAfterBackupRestoration (7ms)
Platform modules already initialized, skipping
Refreshing native plugins compatible for Editor in 0.33 ms, found 2 plugins.
Preloading 0 native plugins for Editor in 0.00 ms.
Unloading 1533 Unused Serialized files (Serialized files now loaded: 0)
System memory in use before: 88.5 MB.
System memory in use after: 88.7 MB.

Unloading 14 unused Assets to reduce memory usage. Loaded Objects now: 2037.
Total: 2.554800 ms (FindLiveObjects: 0.153200 ms CreateObjectMapping: 0.046600 ms MarkObjects: 2.312900 ms  DeleteObjects: 0.040700 ms)

AssetImportParameters requested are different than current active one (requested -> active):
  custom:framework-win-MediaFoundation: 216162199b28c13a410421893ffa2e32 -> 
  custom:video-decoder-ogg-theora: a1e56fd34408186e4bbccfd4996cb3dc -> 
  custom:container-muxer-webm: aa71ff27fc2769a1b78a27578f13a17b -> 
  custom:container-demuxer-webm: 4f35f7cbe854078d1ac9338744f61a02 -> 
  custom:container-demuxer-ogg: 62fdf1f143b41e24485cea50d1cbac27 -> 
  custom:video-encoder-webm-vp8: eb34c28f22e8b96e1ab97ce403110664 -> 
  custom:video-decoder-webm-vp8: 9c59270c3fd7afecdb556c50c9e8de78 -> 
  custom:audio-decoder-ogg-vorbis: bf7c407c2cedff20999df2af8eb42d56 -> 
  custom:audio-encoder-webm-vorbis: bf7c407c2cedff20999df2af8eb42d56 -> 
========================================================================
Received Import Request.
  Time since last request: 317.942391 seconds.
  path: Assets/Scripts/PlayerController.cs
  artifactKey: Guid(afa9274c95541294d84c8f5157e47b99) Importer(815301076,1909f56bfc062723c751e8b465ee728b)
Start importing Assets/Scripts/PlayerController.cs using Guid(afa9274c95541294d84c8f5157e47b99) Importer(815301076,1909f56bfc062723c751e8b465ee728b)  -> (artifact id: '9f9d799e9c12fef3cd3f37c485f492bf') in 0.007483 seconds 
  Import took 0.010514 seconds .

========================================================================
Received Prepare
Registering precompiled user dll's ...
Registered in 0.003734 seconds.
Begin MonoManager ReloadAssembly
Native extension for WindowsStandalone target not found
Refreshing native plugins compatible for Editor in 0.31 ms, found 2 plugins.
Preloading 0 native plugins for Editor in 0.00 ms.
Mono: successfully reloaded assembly
- Completed reload, in  1.335 seconds
Domain Reload Profiling:
	ReloadAssembly (1336ms)
		BeginReloadAssembly (121ms)
			ExecutionOrderSort (0ms)
			DisableScriptedObjects (5ms)
			BackupInstance (0ms)
			ReleaseScriptingObjects (0ms)
			CreateAndSetChildDomain (39ms)
		EndReloadAssembly (989ms)
			LoadAssemblies (272ms)
			RebuildTransferFunctionScriptingTraits (0ms)
			SetupTypeCache (296ms)
			ReleaseScriptCaches (1ms)
			RebuildScriptCaches (41ms)
			SetupLoadedEditorAssemblies (280ms)
				LogAssemblyErrors (0ms)
				InitializePlatformSupportModulesInManaged (5ms)
				SetLoadedEditorAssemblies (0ms)
				RefreshPlugins (0ms)
				BeforeProcessingInitializeOnLoad (48ms)
				ProcessInitializeOnLoadAttributes (215ms)
				ProcessInitializeOnLoadMethodAttributes (4ms)
				AfterProcessingInitializeOnLoad (5ms)
				EditorAssembliesLoaded (0ms)
			ExecutionOrderSort2 (0ms)
			AwakeInstancesAfterBackupRestoration (7ms)
Platform modules already initialized, skipping
Refreshing native plugins compatible for Editor in 0.32 ms, found 2 plugins.
Preloading 0 native plugins for Editor in 0.00 ms.
Unloading 1533 Unused Serialized files (Serialized files now loaded: 0)
System memory in use before: 88.6 MB.
System memory in use after: 88.7 MB.

Unloading 14 unused Assets to reduce memory usage. Loaded Objects now: 2039.
Total: 1.996200 ms (FindLiveObjects: 0.157900 ms CreateObjectMapping: 0.052200 ms MarkObjects: 1.768400 ms  DeleteObjects: 0.016700 ms)

AssetImportParameters requested are different than current active one (requested -> active):
  custom:framework-win-MediaFoundation: 216162199b28c13a410421893ffa2e32 -> 
  custom:video-decoder-ogg-theora: a1e56fd34408186e4bbccfd4996cb3dc -> 
  custom:container-muxer-webm: aa71ff27fc2769a1b78a27578f13a17b -> 
  custom:container-demuxer-webm: 4f35f7cbe854078d1ac9338744f61a02 -> 
  custom:container-demuxer-ogg: 62fdf1f143b41e24485cea50d1cbac27 -> 
  custom:video-encoder-webm-vp8: eb34c28f22e8b96e1ab97ce403110664 -> 
  custom:video-decoder-webm-vp8: 9c59270c3fd7afecdb556c50c9e8de78 -> 
  custom:audio-decoder-ogg-vorbis: bf7c407c2cedff20999df2af8eb42d56 -> 
  custom:audio-encoder-webm-vorbis: bf7c407c2cedff20999df2af8eb42d56 -> 
========================================================================
Received Prepare
Registering precompiled user dll's ...
Registered in 0.003784 seconds.
Begin MonoManager ReloadAssembly
Native extension for WindowsStandalone target not found
Refreshing native plugins compatible for Editor in 0.32 ms, found 2 plugins.
Preloading 0 native plugins for Editor in 0.00 ms.
Mono: successfully reloaded assembly
- Completed reload, in  1.001 seconds
Domain Reload Profiling:
	ReloadAssembly (1001ms)
		BeginReloadAssembly (112ms)
			ExecutionOrderSort (0ms)
			DisableScriptedObjects (5ms)
			BackupInstance (0ms)
			ReleaseScriptingObjects (0ms)
			CreateAndSetChildDomain (30ms)
		EndReloadAssembly (825ms)
			LoadAssemblies (86ms)
			RebuildTransferFunctionScriptingTraits (0ms)
			SetupTypeCache (300ms)
			ReleaseScriptCaches (1ms)
			RebuildScriptCaches (42ms)
			SetupLoadedEditorAssemblies (293ms)
				LogAssemblyErrors (0ms)
				InitializePlatformSupportModulesInManaged (5ms)
				SetLoadedEditorAssemblies (0ms)
				RefreshPlugins (0ms)
				BeforeProcessingInitializeOnLoad (51ms)
				ProcessInitializeOnLoadAttributes (226ms)
				ProcessInitializeOnLoadMethodAttributes (4ms)
				AfterProcessingInitializeOnLoad (6ms)
				EditorAssembliesLoaded (0ms)
			ExecutionOrderSort2 (0ms)
			AwakeInstancesAfterBackupRestoration (7ms)
Platform modules already initialized, skipping
Refreshing native plugins compatible for Editor in 0.39 ms, found 2 plugins.
Preloading 0 native plugins for Editor in 0.00 ms.
Unloading 1533 Unused Serialized files (Serialized files now loaded: 0)
System memory in use before: 88.6 MB.
System memory in use after: 88.7 MB.

Unloading 14 unused Assets to reduce memory usage. Loaded Objects now: 2041.
Total: 2.261100 ms (FindLiveObjects: 0.194900 ms CreateObjectMapping: 0.091200 ms MarkObjects: 1.935800 ms  DeleteObjects: 0.037800 ms)

AssetImportParameters requested are different than current active one (requested -> active):
  custom:framework-win-MediaFoundation: 216162199b28c13a410421893ffa2e32 -> 
  custom:video-decoder-ogg-theora: a1e56fd34408186e4bbccfd4996cb3dc -> 
  custom:container-muxer-webm: aa71ff27fc2769a1b78a27578f13a17b -> 
  custom:container-demuxer-webm: 4f35f7cbe854078d1ac9338744f61a02 -> 
  custom:container-demuxer-ogg: 62fdf1f143b41e24485cea50d1cbac27 -> 
  custom:video-encoder-webm-vp8: eb34c28f22e8b96e1ab97ce403110664 -> 
  custom:video-decoder-webm-vp8: 9c59270c3fd7afecdb556c50c9e8de78 -> 
  custom:audio-decoder-ogg-vorbis: bf7c407c2cedff20999df2af8eb42d56 -> 
  custom:audio-encoder-webm-vorbis: bf7c407c2cedff20999df2af8eb42d56 -> 
========================================================================
Received Prepare
Registering precompiled user dll's ...
Registered in 0.003848 seconds.
Begin MonoManager ReloadAssembly
Native extension for WindowsStandalone target not found
Refreshing native plugins compatible for Editor in 0.31 ms, found 2 plugins.
Preloading 0 native plugins for Editor in 0.00 ms.
Mono: successfully reloaded assembly
- Completed reload, in  0.988 seconds
Domain Reload Profiling:
	ReloadAssembly (988ms)
		BeginReloadAssembly (105ms)
			ExecutionOrderSort (0ms)
			DisableScriptedObjects (5ms)
			BackupInstance (0ms)
			ReleaseScriptingObjects (0ms)
			CreateAndSetChildDomain (29ms)
		EndReloadAssembly (816ms)
			LoadAssemblies (89ms)
			RebuildTransferFunctionScriptingTraits (0ms)
			SetupTypeCache (277ms)
			ReleaseScriptCaches (1ms)
			RebuildScriptCaches (41ms)
			SetupLoadedEditorAssemblies (304ms)
				LogAssemblyErrors (0ms)
				InitializePlatformSupportModulesInManaged (5ms)
				SetLoadedEditorAssemblies (0ms)
				RefreshPlugins (0ms)
				BeforeProcessingInitializeOnLoad (48ms)
				ProcessInitializeOnLoadAttributes (238ms)
				ProcessInitializeOnLoadMethodAttributes (5ms)
				AfterProcessingInitializeOnLoad (6ms)
				EditorAssembliesLoaded (0ms)
			ExecutionOrderSort2 (0ms)
			AwakeInstancesAfterBackupRestoration (7ms)
Platform modules already initialized, skipping
Refreshing native plugins compatible for Editor in 0.32 ms, found 2 plugins.
Preloading 0 native plugins for Editor in 0.00 ms.
Unloading 1533 Unused Serialized files (Serialized files now loaded: 0)
System memory in use before: 88.6 MB.
System memory in use after: 88.7 MB.

Unloading 14 unused Assets to reduce memory usage. Loaded Objects now: 2043.
Total: 1.915000 ms (FindLiveObjects: 0.159100 ms CreateObjectMapping: 0.051000 ms MarkObjects: 1.685400 ms  DeleteObjects: 0.018600 ms)

AssetImportParameters requested are different than current active one (requested -> active):
  custom:framework-win-MediaFoundation: 216162199b28c13a410421893ffa2e32 -> 
  custom:video-decoder-ogg-theora: a1e56fd34408186e4bbccfd4996cb3dc -> 
  custom:container-muxer-webm: aa71ff27fc2769a1b78a27578f13a17b -> 
  custom:container-demuxer-webm: 4f35f7cbe854078d1ac9338744f61a02 -> 
  custom:container-demuxer-ogg: 62fdf1f143b41e24485cea50d1cbac27 -> 
  custom:video-encoder-webm-vp8: eb34c28f22e8b96e1ab97ce403110664 -> 
  custom:video-decoder-webm-vp8: 9c59270c3fd7afecdb556c50c9e8de78 -> 
  custom:audio-decoder-ogg-vorbis: bf7c407c2cedff20999df2af8eb42d56 -> 
  custom:audio-encoder-webm-vorbis: bf7c407c2cedff20999df2af8eb42d56 -> 
